<?xml version="1.0" encoding="UTF-8"?>
<testsuite xmlns:xsi="http://www.w3.org/2001/XMLSchema-instance" xsi:noNamespaceSchemaLocation="https://maven.apache.org/surefire/maven-surefire-plugin/xsd/surefire-test-report.xsd" version="3.0.2" name="com.arantesds.projeto01.Projeto01ApplicationTests" time="4.805" tests="1" errors="0" skipped="0" failures="0">
  <properties>
[...]
</properties>
  <testcase name="contextLoads" classname="com.arantesds.projeto01.Projeto01ApplicationTests" time="0.45">
    <system-out><![CDATA[08:33:14.400 [main] INFO org.springframework.test.context.support.AnnotationConfigContextLoaderUtils -- Could not detect default configuration classes for test class [com.arantesds.projeto01.Projeto01ApplicationTests]: Projeto01ApplicationTests does not declare any static, non-private, non-final, nested classes annotated with @Configuration.
08:33:14.531 [main] INFO org.springframework.boot.test.context.SpringBootTestContextBootstrapper -- Found @SpringBootConfiguration com.arantesds.projeto01.Projeto01Application for test class com.arantesds.projeto01.Projeto01ApplicationTests

  .   ____          _            __ _ _
 /\\ / ___'_ __ _ _(_)_ __  __ _ \ \ \ \
( ( )\___ | '_ | '_| | '_ \/ _` | \ \ \ \
 \\/  ___)| |_)| | | | | || (_| |  ) ) ) )
  '  |____| .__|_| |_|_| |_\__, | / / / /
 =========|_|==============|___/=/_/_/_/

 :: Spring Boot ::                (v3.5.4)

2025-08-15T08:33:14.949-03:00  INFO 18748 --- [projeto01] [           main] c.a.projeto01.Projeto01ApplicationTests  : Starting Projeto01ApplicationTests using Java 17.0.12 with PID 18748 (started by mark in C:\ProjetosJava\SpringBoot\projeto01)
2025-08-15T08:33:14.950-03:00  INFO 18748 --- [projeto01] [           main] c.a.projeto01.Projeto01ApplicationTests  : No active profile set, falling back to 1 default profile: "default"
2025-08-15T08:33:15.560-03:00  INFO 18748 --- [projeto01] [           main] .s.d.r.c.RepositoryConfigurationDelegate : Bootstrapping Spring Data JPA repositories in DEFAULT mode.
2025-08-15T08:33:15.623-03:00  INFO 18748 --- [projeto01] [           main] .s.d.r.c.RepositoryConfigurationDelegate : Finished Spring Data repository scanning in 48 ms. Found 1 JPA repository interface.
2025-08-15T08:33:16.084-03:00  INFO 18748 --- [projeto01] [           main] com.zaxxer.hikari.HikariDataSource       : HikariPool-1 - Starting...
2025-08-15T08:33:16.288-03:00  INFO 18748 --- [projeto01] [           main] com.zaxxer.hikari.pool.HikariPool        : HikariPool-1 - Added connection conn0: url=jdbc:h2:mem:debff046-94ef-4eea-99f4-4fdfe5b1f178 user=SA
2025-08-15T08:33:16.289-03:00  INFO 18748 --- [projeto01] [           main] com.zaxxer.hikari.HikariDataSource       : HikariPool-1 - Start completed.
2025-08-15T08:33:16.335-03:00  INFO 18748 --- [projeto01] [           main] o.hibernate.jpa.internal.util.LogHelper  : HHH000204: Processing PersistenceUnitInfo [name: default]
2025-08-15T08:33:16.432-03:00  INFO 18748 --- [projeto01] [           main] org.hibernate.Version                    : HHH000412: Hibernate ORM core version 6.6.22.Final
2025-08-15T08:33:16.466-03:00  INFO 18748 --- [projeto01] [           main] o.h.c.internal.RegionFactoryInitiator    : HHH000026: Second-level cache disabled
2025-08-15T08:33:16.818-03:00  INFO 18748 --- [projeto01] [           main] o.s.o.j.p.SpringPersistenceUnitInfo      : No LoadTimeWeaver setup: ignoring JPA class transformer
2025-08-15T08:33:16.898-03:00  INFO 18748 --- [projeto01] [           main] org.hibernate.orm.connections.pooling    : HHH10001005: Database info:
	Database JDBC URL [Connecting through datasource 'HikariDataSource (HikariPool-1)']
	Database driver: undefined/unknown
	Database version: 2.3.232
	Autocommit mode: undefined/unknown
	Isolation level: undefined/unknown
	Minimum pool size: undefined/unknown
	Maximum pool size: undefined/unknown
2025-08-15T08:33:17.568-03:00  INFO 18748 --- [projeto01] [           main] o.h.e.t.j.p.i.JtaPlatformInitiator       : HHH000489: No JTA platform available (set 'hibernate.transaction.jta.platform' to enable JTA platform integration)
2025-08-15T08:33:17.602-03:00  INFO 18748 --- [projeto01] [           main] j.LocalContainerEntityManagerFactoryBean : Initialized JPA EntityManagerFactory for persistence unit 'default'
2025-08-15T08:33:17.727-03:00  WARN 18748 --- [projeto01] [           main] JpaBaseConfiguration$JpaWebConfiguration : spring.jpa.open-in-view is enabled by default. Therefore, database queries may be performed during view rendering. Explicitly configure spring.jpa.open-in-view to disable this warning
2025-08-15T08:33:18.566-03:00  INFO 18748 --- [projeto01] [           main] c.a.projeto01.Projeto01ApplicationTests  : Started Projeto01ApplicationTests in 3.863 seconds (process running for 4.846)
]]></system-out>
  </testcase>
</testsuite>